2023-08-15 16:04:06 - Neovide panicked with the message 'Could not setup setting notifier for floating_blur_amount_y: Error sending request 'nvim_command''. (File: src/error_handling.rs; Line: 5, Column: 5)
   0: <unknown>
   1: <unknown>
   2: <unknown>
   3: <unknown>
   4: <unknown>
   5: <unknown>
   6: <unknown>
   7: <unknown>
   8: <unknown>
   9: <unknown>
  10: <unknown>
  11: <unknown>
  12: <unknown>
  13: <unknown>
  14: <unknown>
  15: <unknown>

2023-08-16 16:02:16 - Neovide panicked with the message 'Focus Lost Failed: DecodeError(ReaderError(Custom { kind: UnexpectedEof, error: "EOF" }), "nvim_command")'. (File: src/bridge/ui_commands.rs; Line: 144, Column: 18)
   0: <unknown>
   1: <unknown>
   2: <unknown>
   3: <unknown>
   4: <unknown>
   5: <unknown>
   6: <unknown>
   7: <unknown>
   8: <unknown>
   9: <unknown>
  10: <unknown>
  11: <unknown>
  12: <unknown>
  13: <unknown>
  14: <unknown>
  15: <unknown>

2023-08-16 16:02:16 - Neovide panicked with the message 'Focus Gained Failed: DecodeError(ReaderError(Custom { kind: UnexpectedEof, error: "EOF" }), "nvim_command")'. (File: src/bridge/ui_commands.rs; Line: 148, Column: 18)
   0: <unknown>
   1: <unknown>
   2: <unknown>
   3: <unknown>
   4: <unknown>
   5: <unknown>
   6: <unknown>
   7: <unknown>
   8: <unknown>
   9: <unknown>
  10: <unknown>
  11: <unknown>
  12: <unknown>
  13: <unknown>
  14: <unknown>
  15: <unknown>

2023-08-16 16:02:16 - Neovide panicked with the message 'Focus Lost Failed: DecodeError(ReaderError(Custom { kind: UnexpectedEof, error: "EOF" }), "nvim_command")'. (File: src/bridge/ui_commands.rs; Line: 144, Column: 18)
   0: <unknown>
   1: <unknown>
   2: <unknown>
   3: <unknown>
   4: <unknown>
   5: <unknown>
   6: <unknown>
   7: <unknown>
   8: <unknown>
   9: <unknown>
  10: <unknown>
  11: <unknown>
  12: <unknown>
  13: <unknown>
  14: <unknown>
  15: <unknown>

2023-08-16 16:02:16 - Neovide panicked with the message 'Focus Gained Failed: DecodeError(ReaderError(Custom { kind: UnexpectedEof, error: "EOF" }), "nvim_command")'. (File: src/bridge/ui_commands.rs; Line: 148, Column: 18)
   0: <unknown>
   1: <unknown>
   2: <unknown>
   3: <unknown>
   4: <unknown>
   5: <unknown>
   6: <unknown>
   7: <unknown>
   8: <unknown>
   9: <unknown>
  10: <unknown>
  11: <unknown>
  12: <unknown>
  13: <unknown>
  14: <unknown>
  15: <unknown>

2023-08-16 17:11:08 - Neovide panicked with the message 'Focus Gained Failed: NeovimError(Some(0), "WinEnter Autocommands for \"*\"..script nvim_exec2() called at WinEnter Autocommands for \"*\":0..VimLeavePre Autocommands for \"*\": Vim(append):Error executing lua callback: /home/mik3y/.config/nvim/lua/user/init.lua:18: attempt to index global 'resession' (a nil value)\nstack traceback:\n\t/home/mik3y/.config/nvim/lua/user/init.lua:18: in function </home/mik3y/.config/nvim/lua/user/init.lua:17>\n\t[C]: in function 'nvim_exec2'\n\tvim/_editor.lua: in function 'cmd'\n\t...hare/nvim/lazy/neo-tree.nvim/lua/neo-tree/setup/init.lua:313: in function <...hare/nvim/lazy/neo-tree.nvim/lua/neo-tree/setup/init.lua:261>\n\t[C]: in function 'pcall'\n\t...re/nvim/lazy/neo-tree.nvim/lua/neo-tree/events/queue.lua:78: in function 'func'\n\t...are/nvim/lazy/neo-tree.nvim/lua/neo-tree/collections.lua:72: in function 'fire_event'\n\t[string \":lua\"]:1: in main chunk")'. (File: src/bridge/ui_commands.rs; Line: 148, Column: 18)
   0: <unknown>
   1: <unknown>
   2: <unknown>
   3: <unknown>
   4: <unknown>
   5: <unknown>
   6: <unknown>
   7: <unknown>
   8: <unknown>
   9: <unknown>
  10: <unknown>
  11: <unknown>
  12: <unknown>
  13: <unknown>
  14: <unknown>
  15: <unknown>

2023-08-16 17:11:08 - Neovide panicked with the message 'Input failed: DecodeError(ReaderError(Custom { kind: UnexpectedEof, error: "EOF" }), "nvim_input")'. (File: src/bridge/ui_commands.rs; Line: 51, Column: 50)
   0: <unknown>
   1: <unknown>
   2: <unknown>
   3: <unknown>
   4: <unknown>
   5: <unknown>
   6: <unknown>
   7: <unknown>
   8: <unknown>
   9: <unknown>
  10: <unknown>
  11: <unknown>
  12: <unknown>
  13: <unknown>
  14: <unknown>
  15: <unknown>

